0 info it worked if it ends with ok
1 verbose cli [ '/Users/max/.nvm/versions/node/v5.4.0/bin/node',
1 verbose cli   '/Users/max/.nvm/versions/node/v5.4.0/bin/npm',
1 verbose cli   'publish' ]
2 info using npm@3.3.12
3 info using node@v5.4.0
4 verbose publish [ '.' ]
5 silly cache add args [ '.', null ]
6 verbose cache add spec .
7 silly cache add parsed spec Result {
7 silly cache add   raw: '.',
7 silly cache add   scope: null,
7 silly cache add   name: null,
7 silly cache add   rawSpec: '.',
7 silly cache add   spec: '/Users/max/Projetos/react-bem-modules',
7 silly cache add   type: 'directory' }
8 verbose addLocalDirectory /Users/max/.npm/react-bem-modules/1.0.0/package.tgz not in flight; packing
9 info lifecycle react-bem-modules@1.0.0~prepublish: react-bem-modules@1.0.0
10 verbose lifecycle react-bem-modules@1.0.0~prepublish: unsafe-perm in lifecycle true
11 verbose lifecycle react-bem-modules@1.0.0~prepublish: PATH: /Users/max/.nvm/versions/node/v5.4.0/lib/node_modules/npm/bin/node-gyp-bin:/Users/max/Projetos/react-bem-modules/node_modules/.bin:/Users/max/.nvm/versions/node/v5.4.0/bin:/Users/max/.rbenv/shims:/usr/local/bin:/usr/bin:/bin:/usr/sbin:/sbin
12 verbose lifecycle react-bem-modules@1.0.0~prepublish: CWD: /Users/max/Projetos/react-bem-modules
13 silly lifecycle react-bem-modules@1.0.0~prepublish: Args: [ '-c', 'rm -Rf lib/ && npm run build' ]
14 silly lifecycle react-bem-modules@1.0.0~prepublish: Returned: code: 0  signal: null
15 verbose tar pack [ '/Users/max/.npm/react-bem-modules/1.0.0/package.tgz',
15 verbose tar pack   '/Users/max/Projetos/react-bem-modules' ]
16 verbose tarball /Users/max/.npm/react-bem-modules/1.0.0/package.tgz
17 verbose folder /Users/max/Projetos/react-bem-modules
18 verbose addLocalTarball adding from inside cache /Users/max/.npm/react-bem-modules/1.0.0/package.tgz
19 silly cache afterAdd react-bem-modules@1.0.0
20 verbose afterAdd /Users/max/.npm/react-bem-modules/1.0.0/package/package.json not in flight; writing
21 verbose afterAdd /Users/max/.npm/react-bem-modules/1.0.0/package/package.json written
22 silly publish { name: 'react-bem-modules',
22 silly publish   version: '1.0.0',
22 silly publish   description: 'A tiny library to easy apply css classes from props to react components',
22 silly publish   main: 'lib/index.js',
22 silly publish   repository:
22 silly publish    { type: 'git',
22 silly publish      url: 'git+https://github.com/maxguzenski/react-bem-modules.git' },
22 silly publish   keywords: [ 'react', 'reactjs', 'css', 'inline', 'style', 'styles', 'bem' ],
22 silly publish   author:
22 silly publish    { name: 'Maximiliano Guzenski',
22 silly publish      email: 'maxguzenski@gmail.com',
22 silly publish      url: 'http://github.com/maxguzenski' },
22 silly publish   homepage: 'https://github.com/maxguzenski/react-bem-modules',
22 silly publish   bugs: { url: 'https://github.com/maxguzenski/react-bem-modules/issues' },
22 silly publish   scripts:
22 silly publish    { build: 'babel src/ -d lib/',
22 silly publish      test: 'mocha  --compilers js:babel/register --recursive',
22 silly publish      'test:watch': 'mocha  --compilers js:babel/register --recursive --watch',
22 silly publish      prepublish: 'rm -Rf lib/ && npm run build' },
22 silly publish   license: 'MIT',
22 silly publish   dependencies: { classnames: '~2.2.3' },
22 silly publish   devDependencies:
22 silly publish    { babel: '^5.5.8',
22 silly publish      'babel-core': '5.8.22',
22 silly publish      'babel-loader': '^5.1.4',
22 silly publish      enzyme: '^1.2.0',
22 silly publish      expect: 'latest',
22 silly publish      mocha: 'latest',
22 silly publish      react: '^0.14.0',
22 silly publish      'react-addons-test-utils': '^0.14.6',
22 silly publish      'react-dom': '^0.14.6' },
22 silly publish   readme: '# React BEM Modules\n\nA tiny library to easy apply css classes from props to react components\n\n## Install\n\n`npm install react-bem-modules`\n\nyou\'ll need also:\n`webpack`, `css-loader`, `react`\n\n## How?\n\nTake a look!\n\n```javascript\n// button.jsx\n\nimport React from \'react\'\nimport Bem from \'react-bem-modules\'\nimport css from \'./button.css\'\n\n@Bem( css )\nexport default class Button extends React.Component {\n  static defaultProps = {\n    kind: \'default\', circle: false\n  }\n\n  render() {\n    return <button className=\'klzz1\'>{ this.props.label }</button>\n  }\n}\n```\n\n```css\n/* button.css */\n\n.root {\n  border: 1px solid transparent;\n  /* a lot of other styles */\n}\n\n/* bem-modules classes, pattern: className--propsKey-propsValue */\n.root--circle-true { border-radius: 50% }\n.root--kind-default { /*...*/ }\n.root--kind-primary { /*...*/ }\n.root--kind-success { /*...*/ }\n}\n```\nAnd that is it. Seriously! For small/medium components you will end up with 0 (zero) css references on you code.\n\nHere a example of how to call it and its output:\n\n```javascript\n// when you call\n<Button kind=\'primary\' circle={true} label=\'...\'/>\n\n// ... you\'ll receive this final html\n// ps.: On real world, css-modules will change classes names to make they unique.\n<button class=\'root-jduei3 root--kind-primary-jduei3 root--circle-true-jduei3 klzz1\'>...</button>\n```\n\n## Finally\n\n**If you like it, please help!!**\n',
22 silly publish   readmeFilename: 'README.md',
22 silly publish   gitHead: '5a2001ce75421d6e7a91232c8f37e81501a516ac',
22 silly publish   _id: 'react-bem-modules@1.0.0',
22 silly publish   _shasum: 'a58e0a3022b87b2387060e8efb3dfa067187e277',
22 silly publish   _from: '.' }
23 verbose getPublishConfig undefined
24 silly mapToRegistry name react-bem-modules
25 silly mapToRegistry using default registry
26 silly mapToRegistry registry https://registry.npmjs.org/
27 silly mapToRegistry uri https://registry.npmjs.org/react-bem-modules
28 verbose publish registryBase https://registry.npmjs.org/
29 silly publish uploading /Users/max/.npm/react-bem-modules/1.0.0/package.tgz
30 verbose request uri https://registry.npmjs.org/react-bem-modules
31 verbose request sending authorization for write operation
32 info attempt registry request try #1 at 15:38:11
33 verbose request using bearer token for auth
34 verbose request id b48f160fb525fdd0
35 http request PUT https://registry.npmjs.org/react-bem-modules
36 http 403 https://registry.npmjs.org/react-bem-modules
37 verbose headers { 'content-type': 'application/json',
37 verbose headers   'cache-control': 'max-age=300',
37 verbose headers   'content-length': '95',
37 verbose headers   'accept-ranges': 'bytes',
37 verbose headers   date: 'Sun, 10 Jan 2016 18:38:12 GMT',
37 verbose headers   via: '1.1 varnish',
37 verbose headers   connection: 'keep-alive',
37 verbose headers   'x-served-by': 'cache-iad2133-IAD',
37 verbose headers   'x-cache': 'MISS',
37 verbose headers   'x-cache-hits': '0',
37 verbose headers   'x-timer': 'S1452451092.162948,VS0,VE742' }
38 verbose request invalidating /Users/max/.npm/registry.npmjs.org/react-bem-modules on PUT
39 error publish Failed PUT 403
40 verbose stack Error: "You cannot publish over the previously published version 1.0.0." : react-bem-modules
40 verbose stack     at makeError (/Users/max/.nvm/versions/node/v5.4.0/lib/node_modules/npm/node_modules/npm-registry-client/lib/request.js:264:12)
40 verbose stack     at CachingRegistryClient.<anonymous> (/Users/max/.nvm/versions/node/v5.4.0/lib/node_modules/npm/node_modules/npm-registry-client/lib/request.js:252:14)
40 verbose stack     at Request._callback (/Users/max/.nvm/versions/node/v5.4.0/lib/node_modules/npm/node_modules/npm-registry-client/lib/request.js:172:14)
40 verbose stack     at Request.self.callback (/Users/max/.nvm/versions/node/v5.4.0/lib/node_modules/npm/node_modules/request/request.js:198:22)
40 verbose stack     at emitTwo (events.js:87:13)
40 verbose stack     at Request.emit (events.js:172:7)
40 verbose stack     at Request.<anonymous> (/Users/max/.nvm/versions/node/v5.4.0/lib/node_modules/npm/node_modules/request/request.js:1082:10)
40 verbose stack     at emitOne (events.js:82:20)
40 verbose stack     at Request.emit (events.js:169:7)
40 verbose stack     at IncomingMessage.<anonymous> (/Users/max/.nvm/versions/node/v5.4.0/lib/node_modules/npm/node_modules/request/request.js:1009:12)
41 verbose statusCode 403
42 verbose pkgid react-bem-modules
43 verbose cwd /Users/max/Projetos/react-bem-modules
44 error Darwin 15.0.0
45 error argv "/Users/max/.nvm/versions/node/v5.4.0/bin/node" "/Users/max/.nvm/versions/node/v5.4.0/bin/npm" "publish"
46 error node v5.4.0
47 error npm  v3.3.12
48 error code E403
49 error "You cannot publish over the previously published version 1.0.0." : react-bem-modules
50 error If you need help, you may report this error at:
50 error     <https://github.com/npm/npm/issues>
51 verbose exit [ 1, true ]
